<?xml version="1.0" encoding="UTF-8"?>
<!-- Generated by org.testng.reporters.JUnitReportReporter -->
<testsuite hostname="DK" failures="0" tests="1" name="Generic.BaseClass" time="7.326" errors="0" timestamp="2024-08-04T12:36:35 IST" skipped="0">
  <testcase classname="Generic.BaseClass" name="test" time="7.326"/>
  <system-out/>
</testsuite> <!-- Generic.BaseClass -->
